DEB [20180517-09:53:50.699] thr=1   paramiko.transport: starting thread (client mode): 0x7b2a3d30
DEB [20180517-09:53:50.700] thr=1   paramiko.transport: Local version/idstring: SSH-2.0-paramiko_2.4.1
DEB [20180517-09:53:50.710] thr=1   paramiko.transport: Remote version/idstring: SSH-2.0-OpenSSH_7.4
INF [20180517-09:53:50.710] thr=1   paramiko.transport: Connected (version 2.0, client OpenSSH_7.4)
DEB [20180517-09:53:50.717] thr=1   paramiko.transport: kex algos:['curve25519-sha256', 'curve25519-sha256@libssh.org', 'ecdh-sha2-nistp256', 'ecdh-sha2-nistp384', 'ecdh-sha2-nistp521', 'diffie-hellman-group-exchange-sha256', 'diffie-hellman-group16-sha512', 'diffie-hellman-group18-sha512', 'diffie-hellman-group-exchange-sha1', 'diffie-hellman-group14-sha256', 'diffie-hellman-group14-sha1', 'diffie-hellman-group1-sha1'] server key:['ssh-rsa', 'rsa-sha2-512', 'rsa-sha2-256'] client encrypt:['chacha20-poly1305@openssh.com', 'aes128-ctr', 'aes192-ctr', 'aes256-ctr', 'aes128-gcm@openssh.com', 'aes256-gcm@openssh.com', 'aes128-cbc', 'aes192-cbc', 'aes256-cbc', 'blowfish-cbc', 'cast128-cbc', '3des-cbc'] server encrypt:['chacha20-poly1305@openssh.com', 'aes128-ctr', 'aes192-ctr', 'aes256-ctr', 'aes128-gcm@openssh.com', 'aes256-gcm@openssh.com', 'aes128-cbc', 'aes192-cbc', 'aes256-cbc', 'blowfish-cbc', 'cast128-cbc', '3des-cbc'] client mac:['umac-64-etm@openssh.com', 'umac-128-etm@openssh.com', 'hmac-sha2-256-etm@openssh.com', 'hmac-sha2-512-etm@openssh.com', 'hmac-sha1-etm@openssh.com', 'umac-64@openssh.com', 'umac-128@openssh.com', 'hmac-sha2-256', 'hmac-sha2-512', 'hmac-sha1'] server mac:['umac-64-etm@openssh.com', 'umac-128-etm@openssh.com', 'hmac-sha2-256-etm@openssh.com', 'hmac-sha2-512-etm@openssh.com', 'hmac-sha1-etm@openssh.com', 'umac-64@openssh.com', 'umac-128@openssh.com', 'hmac-sha2-256', 'hmac-sha2-512', 'hmac-sha1'] client compress:['none', 'zlib@openssh.com'] server compress:['none', 'zlib@openssh.com'] client lang:[''] server lang:[''] kex follows?False
DEB [20180517-09:53:50.717] thr=1   paramiko.transport: Kex agreed: ecdh-sha2-nistp256
DEB [20180517-09:53:50.717] thr=1   paramiko.transport: HostKey agreed: ssh-rsa
DEB [20180517-09:53:50.717] thr=1   paramiko.transport: Cipher agreed: aes128-ctr
DEB [20180517-09:53:50.717] thr=1   paramiko.transport: MAC agreed: hmac-sha2-256
DEB [20180517-09:53:50.717] thr=1   paramiko.transport: Compression agreed: none
DEB [20180517-09:53:50.726] thr=1   paramiko.transport: kex engine KexNistp256 specified hash_algo <built-in function openssl_sha256>
DEB [20180517-09:53:50.726] thr=1   paramiko.transport: Switch to new keys ...
DEB [20180517-09:53:50.726] thr=2   paramiko.transport: Adding ssh-rsa host key for [hqh-study-python.com]:2222: b'9b1b6dfee581940e3f868d58f394632b'
DEB [20180517-09:53:50.776] thr=1   paramiko.transport: userauth is OK
INF [20180517-09:53:50.803] thr=1   paramiko.transport: Authentication (password) successful!
DEB [20180517-09:53:50.803] thr=2   paramiko.transport: [chan 0] Max packet in: 32768 bytes
DEB [20180517-09:53:50.809] thr=1   paramiko.transport: Received global request "hostkeys-00@openssh.com"
DEB [20180517-09:53:50.809] thr=1   paramiko.transport: Rejecting "hostkeys-00@openssh.com" global request from server.
DEB [20180517-09:53:50.854] thr=1   paramiko.transport: [chan 0] Max packet out: 32768 bytes
DEB [20180517-09:53:50.854] thr=1   paramiko.transport: Secsh channel 0 opened.
DEB [20180517-09:53:50.862] thr=1   paramiko.transport: [chan 0] Sesch channel 0 request ok
DEB [20180517-09:53:50.871] thr=1   paramiko.transport: [chan 0] EOF received (0)
DEB [20180517-09:53:59.082] thr=1   paramiko.transport: starting thread (client mode): 0x5c65cf8
DEB [20180517-09:53:59.082] thr=1   paramiko.transport: Local version/idstring: SSH-2.0-paramiko_2.4.1
DEB [20180517-09:53:59.094] thr=1   paramiko.transport: Remote version/idstring: SSH-2.0-OpenSSH_7.4
INF [20180517-09:53:59.095] thr=1   paramiko.transport: Connected (version 2.0, client OpenSSH_7.4)
DEB [20180517-09:53:59.102] thr=1   paramiko.transport: kex algos:['curve25519-sha256', 'curve25519-sha256@libssh.org', 'ecdh-sha2-nistp256', 'ecdh-sha2-nistp384', 'ecdh-sha2-nistp521', 'diffie-hellman-group-exchange-sha256', 'diffie-hellman-group16-sha512', 'diffie-hellman-group18-sha512', 'diffie-hellman-group-exchange-sha1', 'diffie-hellman-group14-sha256', 'diffie-hellman-group14-sha1', 'diffie-hellman-group1-sha1'] server key:['ssh-rsa', 'rsa-sha2-512', 'rsa-sha2-256'] client encrypt:['chacha20-poly1305@openssh.com', 'aes128-ctr', 'aes192-ctr', 'aes256-ctr', 'aes128-gcm@openssh.com', 'aes256-gcm@openssh.com', 'aes128-cbc', 'aes192-cbc', 'aes256-cbc', 'blowfish-cbc', 'cast128-cbc', '3des-cbc'] server encrypt:['chacha20-poly1305@openssh.com', 'aes128-ctr', 'aes192-ctr', 'aes256-ctr', 'aes128-gcm@openssh.com', 'aes256-gcm@openssh.com', 'aes128-cbc', 'aes192-cbc', 'aes256-cbc', 'blowfish-cbc', 'cast128-cbc', '3des-cbc'] client mac:['umac-64-etm@openssh.com', 'umac-128-etm@openssh.com', 'hmac-sha2-256-etm@openssh.com', 'hmac-sha2-512-etm@openssh.com', 'hmac-sha1-etm@openssh.com', 'umac-64@openssh.com', 'umac-128@openssh.com', 'hmac-sha2-256', 'hmac-sha2-512', 'hmac-sha1'] server mac:['umac-64-etm@openssh.com', 'umac-128-etm@openssh.com', 'hmac-sha2-256-etm@openssh.com', 'hmac-sha2-512-etm@openssh.com', 'hmac-sha1-etm@openssh.com', 'umac-64@openssh.com', 'umac-128@openssh.com', 'hmac-sha2-256', 'hmac-sha2-512', 'hmac-sha1'] client compress:['none', 'zlib@openssh.com'] server compress:['none', 'zlib@openssh.com'] client lang:[''] server lang:[''] kex follows?False
DEB [20180517-09:53:59.102] thr=1   paramiko.transport: Kex agreed: ecdh-sha2-nistp256
DEB [20180517-09:53:59.102] thr=1   paramiko.transport: HostKey agreed: ssh-rsa
DEB [20180517-09:53:59.102] thr=1   paramiko.transport: Cipher agreed: aes128-ctr
DEB [20180517-09:53:59.103] thr=1   paramiko.transport: MAC agreed: hmac-sha2-256
DEB [20180517-09:53:59.103] thr=1   paramiko.transport: Compression agreed: none
DEB [20180517-09:53:59.112] thr=1   paramiko.transport: kex engine KexNistp256 specified hash_algo <built-in function openssl_sha256>
DEB [20180517-09:53:59.112] thr=1   paramiko.transport: Switch to new keys ...
DEB [20180517-09:53:59.113] thr=2   paramiko.transport: Adding ssh-rsa host key for [hqh-study-python.com]:2222: b'9b1b6dfee581940e3f868d58f394632b'
DEB [20180517-09:53:59.164] thr=1   paramiko.transport: userauth is OK
INF [20180517-09:53:59.192] thr=1   paramiko.transport: Authentication (password) successful!
DEB [20180517-09:53:59.192] thr=2   paramiko.transport: [chan 0] Max packet in: 32768 bytes
DEB [20180517-09:53:59.199] thr=1   paramiko.transport: Received global request "hostkeys-00@openssh.com"
DEB [20180517-09:53:59.199] thr=1   paramiko.transport: Rejecting "hostkeys-00@openssh.com" global request from server.
DEB [20180517-09:53:59.244] thr=1   paramiko.transport: [chan 0] Max packet out: 32768 bytes
DEB [20180517-09:53:59.245] thr=1   paramiko.transport: Secsh channel 0 opened.
DEB [20180517-09:53:59.254] thr=1   paramiko.transport: [chan 0] Sesch channel 0 request ok
DEB [20180517-09:53:59.263] thr=1   paramiko.transport: [chan 0] EOF received (0)
DEB [20180517-09:54:11.201] thr=1   paramiko.transport: starting thread (client mode): 0x759d4cf8
DEB [20180517-09:54:11.201] thr=1   paramiko.transport: Local version/idstring: SSH-2.0-paramiko_2.4.1
DEB [20180517-09:54:11.213] thr=1   paramiko.transport: Remote version/idstring: SSH-2.0-OpenSSH_7.4
INF [20180517-09:54:11.213] thr=1   paramiko.transport: Connected (version 2.0, client OpenSSH_7.4)
DEB [20180517-09:54:11.220] thr=1   paramiko.transport: kex algos:['curve25519-sha256', 'curve25519-sha256@libssh.org', 'ecdh-sha2-nistp256', 'ecdh-sha2-nistp384', 'ecdh-sha2-nistp521', 'diffie-hellman-group-exchange-sha256', 'diffie-hellman-group16-sha512', 'diffie-hellman-group18-sha512', 'diffie-hellman-group-exchange-sha1', 'diffie-hellman-group14-sha256', 'diffie-hellman-group14-sha1', 'diffie-hellman-group1-sha1'] server key:['ssh-rsa', 'rsa-sha2-512', 'rsa-sha2-256'] client encrypt:['chacha20-poly1305@openssh.com', 'aes128-ctr', 'aes192-ctr', 'aes256-ctr', 'aes128-gcm@openssh.com', 'aes256-gcm@openssh.com', 'aes128-cbc', 'aes192-cbc', 'aes256-cbc', 'blowfish-cbc', 'cast128-cbc', '3des-cbc'] server encrypt:['chacha20-poly1305@openssh.com', 'aes128-ctr', 'aes192-ctr', 'aes256-ctr', 'aes128-gcm@openssh.com', 'aes256-gcm@openssh.com', 'aes128-cbc', 'aes192-cbc', 'aes256-cbc', 'blowfish-cbc', 'cast128-cbc', '3des-cbc'] client mac:['umac-64-etm@openssh.com', 'umac-128-etm@openssh.com', 'hmac-sha2-256-etm@openssh.com', 'hmac-sha2-512-etm@openssh.com', 'hmac-sha1-etm@openssh.com', 'umac-64@openssh.com', 'umac-128@openssh.com', 'hmac-sha2-256', 'hmac-sha2-512', 'hmac-sha1'] server mac:['umac-64-etm@openssh.com', 'umac-128-etm@openssh.com', 'hmac-sha2-256-etm@openssh.com', 'hmac-sha2-512-etm@openssh.com', 'hmac-sha1-etm@openssh.com', 'umac-64@openssh.com', 'umac-128@openssh.com', 'hmac-sha2-256', 'hmac-sha2-512', 'hmac-sha1'] client compress:['none', 'zlib@openssh.com'] server compress:['none', 'zlib@openssh.com'] client lang:[''] server lang:[''] kex follows?False
DEB [20180517-09:54:11.221] thr=1   paramiko.transport: Kex agreed: ecdh-sha2-nistp256
DEB [20180517-09:54:11.221] thr=1   paramiko.transport: HostKey agreed: ssh-rsa
DEB [20180517-09:54:11.221] thr=1   paramiko.transport: Cipher agreed: aes128-ctr
DEB [20180517-09:54:11.221] thr=1   paramiko.transport: MAC agreed: hmac-sha2-256
DEB [20180517-09:54:11.221] thr=1   paramiko.transport: Compression agreed: none
DEB [20180517-09:54:11.230] thr=1   paramiko.transport: kex engine KexNistp256 specified hash_algo <built-in function openssl_sha256>
DEB [20180517-09:54:11.231] thr=1   paramiko.transport: Switch to new keys ...
DEB [20180517-09:54:11.231] thr=2   paramiko.transport: Adding ssh-rsa host key for [hqh-study-python.com]:2222: b'9b1b6dfee581940e3f868d58f394632b'
DEB [20180517-09:54:11.283] thr=1   paramiko.transport: userauth is OK
INF [20180517-09:54:11.311] thr=1   paramiko.transport: Authentication (password) successful!
DEB [20180517-09:54:11.312] thr=2   paramiko.transport: [chan 0] Max packet in: 32768 bytes
DEB [20180517-09:54:11.319] thr=1   paramiko.transport: Received global request "hostkeys-00@openssh.com"
DEB [20180517-09:54:11.319] thr=1   paramiko.transport: Rejecting "hostkeys-00@openssh.com" global request from server.
DEB [20180517-09:54:11.365] thr=1   paramiko.transport: [chan 0] Max packet out: 32768 bytes
DEB [20180517-09:54:11.365] thr=1   paramiko.transport: Secsh channel 0 opened.
DEB [20180517-09:54:11.374] thr=1   paramiko.transport: [chan 0] Sesch channel 0 request ok
DEB [20180517-09:54:11.382] thr=1   paramiko.transport: [chan 0] EOF received (0)
